Starting session against https://binder.edu.liu.se/build/git/https%3A%2F%2Fgitlab.liu.se%2Foskho10%2Fete335-binder/HEAD
[2023-02-27 13:59:06]    data: {"phase": "waiting", "message": "Waiting for build to start...\n"}
[2023-02-27 13:59:06]    data: {"message": "Picked Git content provider.\n"}
[2023-02-27 13:59:06]    data: {"message": "Cloning into '/tmp/repo2docker504uvoy1'...\n", "phase": "fetching"}
[2023-02-27 13:59:06]    data: {"message": "warning: redirecting to https://gitlab.liu.se/oskho10/ete335-binder.git/\n", "phase": "fetching"}
[2023-02-27 13:59:07]    data: {"message": "HEAD is now at 270a0e1 Update requirements.txt, postBuild\n", "phase": "fetching"}
[2023-02-27 13:59:07]    data: {"message": "Building conda environment for python=3.7"}
[2023-02-27 13:59:07]    data: {"message": "Using PythonBuildPack builder\n", "phase": "building"}
[2023-02-27 13:59:07]    data: {"message": "Building conda environment for python=3.7"}
[2023-02-27 13:59:08]    data: {"message": "Building conda environment for python=3.7"}
[2023-02-27 13:59:08]    data: {"message": "Step 1/53 : FROM buildpack-deps:bionic", "phase": "building"}
[2023-02-27 13:59:08]    data: {"message": "\n", "phase": "building"}
[2023-02-27 13:59:08]    data: {"message": " ---> c03c2660fd46\n", "phase": "building"}
[2023-02-27 13:59:08]    data: {"message": "Step 2/53 : ENV DEBIAN_FRONTEND=noninteractive", "phase": "building"}
[2023-02-27 13:59:08]    data: {"message": "\n", "phase": "building"}
[2023-02-27 13:59:08]    data: {"message": " ---> Using cache\n", "phase": "building"}
[2023-02-27 13:59:08]    data: {"message": " ---> e951948e84c0\n", "phase": "building"}
[2023-02-27 13:59:08]    data: {"message": "Step 3/53 : RUN apt-get -qq update &&     apt-get -qq install --yes --no-install-recommends locales > /dev/null &&     apt-get -qq purge &&     apt-get -qq clean &&     rm -rf /var/lib/apt/lists/*", "phase": "building"}
[2023-02-27 13:59:08]    data: {"message": "\n", "phase": "building"}
[2023-02-27 13:59:08]    data: {"message": " ---> Using cache\n", "phase": "building"}
[2023-02-27 13:59:08]    data: {"message": " ---> 8f4706338b73\n", "phase": "building"}
[2023-02-27 13:59:08]    data: {"message": "Step 4/53 : RUN echo \"en_US.UTF-8 UTF-8\" > /etc/locale.gen &&     locale-gen", "phase": "building"}
[2023-02-27 13:59:08]    data: {"message": "\n", "phase": "building"}
[2023-02-27 13:59:08]    data: {"message": " ---> Using cache\n", "phase": "building"}
[2023-02-27 13:59:08]    data: {"message": " ---> a15651b896c8\n", "phase": "building"}
[2023-02-27 13:59:08]    data: {"message": "Step 5/53 : ENV LC_ALL en_US.UTF-8", "phase": "building"}
[2023-02-27 13:59:08]    data: {"message": "\n", "phase": "building"}
[2023-02-27 13:59:08]    data: {"message": " ---> Using cache\n", "phase": "building"}
[2023-02-27 13:59:08]    data: {"message": " ---> 1eb4e9631383\n", "phase": "building"}
[2023-02-27 13:59:08]    data: {"message": "Step 6/53 : ENV LANG en_US.UTF-8", "phase": "building"}
[2023-02-27 13:59:08]    data: {"message": "\n", "phase": "building"}
[2023-02-27 13:59:08]    data: {"message": " ---> Using cache\n", "phase": "building"}
[2023-02-27 13:59:08]    data: {"message": " ---> b3918c1d476a\n", "phase": "building"}
[2023-02-27 13:59:08]    data: {"message": "Step 7/53 : ENV LANGUAGE en_US.UTF-8", "phase": "building"}
[2023-02-27 13:59:08]    data: {"message": "\n", "phase": "building"}
[2023-02-27 13:59:08]    data: {"message": " ---> Using cache\n", "phase": "building"}
[2023-02-27 13:59:08]    data: {"message": " ---> 40e5a488e1cf\n", "phase": "building"}
[2023-02-27 13:59:08]    data: {"message": "Step 8/53 : ENV SHELL /bin/bash", "phase": "building"}
[2023-02-27 13:59:08]    data: {"message": "\n", "phase": "building"}
[2023-02-27 13:59:08]    data: {"message": " ---> Using cache\n", "phase": "building"}
[2023-02-27 13:59:08]    data: {"message": " ---> 6729e7b14efe\n", "phase": "building"}
[2023-02-27 13:59:08]    data: {"message": "Step 9/53 : ARG NB_USER", "phase": "building"}
[2023-02-27 13:59:08]    data: {"message": "\n", "phase": "building"}
[2023-02-27 13:59:08]    data: {"message": " ---> Using cache\n", "phase": "building"}
[2023-02-27 13:59:08]    data: {"message": " ---> 4655ea8a0d7e\n", "phase": "building"}
[2023-02-27 13:59:08]    data: {"message": "Step 10/53 : ARG NB_UID", "phase": "building"}
[2023-02-27 13:59:08]    data: {"message": "\n", "phase": "building"}
[2023-02-27 13:59:08]    data: {"message": " ---> Using cache\n", "phase": "building"}
[2023-02-27 13:59:08]    data: {"message": " ---> 3c1933273ba9\n", "phase": "building"}
[2023-02-27 13:59:08]    data: {"message": "Step 11/53 : ENV USER ${NB_USER}", "phase": "building"}
[2023-02-27 13:59:08]    data: {"message": "\n", "phase": "building"}
[2023-02-27 13:59:08]    data: {"message": " ---> Using cache\n", "phase": "building"}
[2023-02-27 13:59:08]    data: {"message": " ---> 96f34be2f5bb\n", "phase": "building"}
[2023-02-27 13:59:08]    data: {"message": "Step 12/53 : ENV HOME /home/${NB_USER}", "phase": "building"}
[2023-02-27 13:59:08]    data: {"message": "\n", "phase": "building"}
[2023-02-27 13:59:08]    data: {"message": " ---> Using cache\n", "phase": "building"}
[2023-02-27 13:59:08]    data: {"message": " ---> 146896d8290a\n", "phase": "building"}
[2023-02-27 13:59:08]    data: {"message": "Step 13/53 : RUN groupadd         --gid ${NB_UID}         ${NB_USER} &&     useradd         --comment \"Default user\"         --create-home         --gid ${NB_UID}         --no-log-init         --shell /bin/bash         --uid ${NB_UID}         ${NB_USER}", "phase": "building"}
[2023-02-27 13:59:08]    data: {"message": "\n", "phase": "building"}
[2023-02-27 13:59:08]    data: {"message": " ---> Using cache\n", "phase": "building"}
[2023-02-27 13:59:08]    data: {"message": " ---> 7c9618ded1b7\n", "phase": "building"}
[2023-02-27 13:59:08]    data: {"message": "Step 14/53 : RUN apt-get -qq update &&     apt-get -qq install --yes --no-install-recommends        less        unzip        > /dev/null &&     apt-get -qq purge &&     apt-get -qq clean &&     rm -rf /var/lib/apt/lists/*", "phase": "building"}
[2023-02-27 13:59:08]    data: {"message": "\n", "phase": "building"}
[2023-02-27 13:59:08]    data: {"message": " ---> Using cache\n", "phase": "building"}
[2023-02-27 13:59:08]    data: {"message": " ---> f7a241a7b08f\n", "phase": "building"}
[2023-02-27 13:59:08]    data: {"message": "Step 15/53 : EXPOSE 8888", "phase": "building"}
[2023-02-27 13:59:08]    data: {"message": "\n", "phase": "building"}
[2023-02-27 13:59:08]    data: {"message": " ---> Using cache\n", "phase": "building"}
[2023-02-27 13:59:08]    data: {"message": " ---> 182ce1bac93a\n", "phase": "building"}
[2023-02-27 13:59:08]    data: {"message": "Step 16/53 : ENV APP_BASE /srv", "phase": "building"}
[2023-02-27 13:59:08]    data: {"message": "\n", "phase": "building"}
[2023-02-27 13:59:08]    data: {"message": " ---> Using cache\n", "phase": "building"}
[2023-02-27 13:59:08]    data: {"message": " ---> abb5dc574708\n", "phase": "building"}
[2023-02-27 13:59:08]    data: {"message": "Step 17/53 : ENV CONDA_DIR ${APP_BASE}/conda", "phase": "building"}
[2023-02-27 13:59:08]    data: {"message": "\n", "phase": "building"}
[2023-02-27 13:59:08]    data: {"message": " ---> Using cache\n", "phase": "building"}
[2023-02-27 13:59:08]    data: {"message": " ---> 4e4d00a63d5a\n", "phase": "building"}
[2023-02-27 13:59:08]    data: {"message": "Step 18/53 : ENV NB_PYTHON_PREFIX ${CONDA_DIR}/envs/notebook", "phase": "building"}
[2023-02-27 13:59:08]    data: {"message": "\n", "phase": "building"}
[2023-02-27 13:59:08]    data: {"message": " ---> Using cache\n", "phase": "building"}
[2023-02-27 13:59:08]    data: {"message": " ---> 3718baa13646\n", "phase": "building"}
[2023-02-27 13:59:08]    data: {"message": "Step 19/53 : ENV NPM_DIR ${APP_BASE}/npm", "phase": "building"}
[2023-02-27 13:59:08]    data: {"message": "\n", "phase": "building"}
[2023-02-27 13:59:08]    data: {"message": " ---> Using cache\n", "phase": "building"}
[2023-02-27 13:59:08]    data: {"message": " ---> 94aaeeecc8a6\n", "phase": "building"}
[2023-02-27 13:59:08]    data: {"message": "Step 20/53 : ENV NPM_CONFIG_GLOBALCONFIG ${NPM_DIR}/npmrc", "phase": "building"}
[2023-02-27 13:59:08]    data: {"message": "\n", "phase": "building"}
[2023-02-27 13:59:08]    data: {"message": " ---> Using cache\n", "phase": "building"}
[2023-02-27 13:59:08]    data: {"message": " ---> 862f4eeadce8\n", "phase": "building"}
[2023-02-27 13:59:08]    data: {"message": "Step 21/53 : ENV NB_ENVIRONMENT_FILE /tmp/env/environment.lock", "phase": "building"}
[2023-02-27 13:59:08]    data: {"message": "\n", "phase": "building"}
[2023-02-27 13:59:08]    data: {"message": " ---> Using cache\n", "phase": "building"}
[2023-02-27 13:59:08]    data: {"message": " ---> 6ef0f1c0c5d9\n", "phase": "building"}
[2023-02-27 13:59:08]    data: {"message": "Step 22/53 : ENV MAMBA_ROOT_PREFIX ${CONDA_DIR}", "phase": "building"}
[2023-02-27 13:59:08]    data: {"message": "\n", "phase": "building"}
[2023-02-27 13:59:08]    data: {"message": " ---> Using cache\n", "phase": "building"}
[2023-02-27 13:59:08]    data: {"message": " ---> 7b198e708b66\n", "phase": "building"}
[2023-02-27 13:59:08]    data: {"message": "Step 23/53 : ENV MAMBA_EXE ${CONDA_DIR}/bin/mamba", "phase": "building"}
[2023-02-27 13:59:08]    data: {"message": "\n", "phase": "building"}
[2023-02-27 13:59:08]    data: {"message": " ---> Using cache\n", "phase": "building"}
[2023-02-27 13:59:08]    data: {"message": " ---> d1d5453850e9\n", "phase": "building"}
[2023-02-27 13:59:08]    data: {"message": "Step 24/53 : ENV KERNEL_PYTHON_PREFIX ${NB_PYTHON_PREFIX}", "phase": "building"}
[2023-02-27 13:59:08]    data: {"message": "\n", "phase": "building"}
[2023-02-27 13:59:08]    data: {"message": " ---> Using cache\n", "phase": "building"}
[2023-02-27 13:59:08]    data: {"message": " ---> 90b34a897e9f\n", "phase": "building"}
[2023-02-27 13:59:08]    data: {"message": "Step 25/53 : ENV PATH ${NB_PYTHON_PREFIX}/bin:${CONDA_DIR}/bin:${NPM_DIR}/bin:${PATH}", "phase": "building"}
[2023-02-27 13:59:08]    data: {"message": "\n", "phase": "building"}
[2023-02-27 13:59:08]    data: {"message": " ---> Using cache\n", "phase": "building"}
[2023-02-27 13:59:08]    data: {"message": " ---> 7b9f23f083bc\n", "phase": "building"}
[2023-02-27 13:59:08]    data: {"message": "Step 26/53 : COPY --chown=1000:1000 build_script_files/-2fusr-2flib-2fpython3-2e8-2fsite-2dpackages-2frepo2docker-2fbuildpacks-2fconda-2factivate-2dconda-2esh-391af5 /etc/profile.d/activate-conda.sh", "phase": "building"}
[2023-02-27 13:59:08]    data: {"message": "\n", "phase": "building"}
[2023-02-27 13:59:08]    data: {"message": " ---> Using cache\n", "phase": "building"}
[2023-02-27 13:59:08]    data: {"message": " ---> 06907837d21b\n", "phase": "building"}
[2023-02-27 13:59:08]    data: {"message": "Step 27/53 : COPY --chown=1000:1000 build_script_files/-2fusr-2flib-2fpython3-2e8-2fsite-2dpackages-2frepo2docker-2fbuildpacks-2fconda-2fenvironment-2epy-2d3-2e7-2elock-4f1154 /tmp/env/environment.lock", "phase": "building"}
[2023-02-27 13:59:08]    data: {"message": "\n", "phase": "building"}
[2023-02-27 13:59:08]    data: {"message": " ---> Using cache\n", "phase": "building"}
[2023-02-27 13:59:08]    data: {"message": " ---> 2f2e5f2ebfa7\n", "phase": "building"}
[2023-02-27 13:59:08]    data: {"message": "Step 28/53 : COPY --chown=1000:1000 build_script_files/-2fusr-2flib-2fpython3-2e8-2fsite-2dpackages-2frepo2docker-2fbuildpacks-2fconda-2finstall-2dbase-2denv-2ebash-8fbb20 /tmp/install-base-env.bash", "phase": "building"}
[2023-02-27 13:59:08]    data: {"message": "\n", "phase": "building"}
[2023-02-27 13:59:08]    data: {"message": " ---> Using cache\n", "phase": "building"}
[2023-02-27 13:59:08]    data: {"message": " ---> 9c8f6a0c18d3\n", "phase": "building"}
[2023-02-27 13:59:08]    data: {"message": "Step 29/53 : RUN TIMEFORMAT='time: %3R' bash -c 'time /tmp/install-base-env.bash' && rm -rf /tmp/install-base-env.bash /tmp/env", "phase": "building"}
[2023-02-27 13:59:08]    data: {"message": "\n", "phase": "building"}
[2023-02-27 13:59:08]    data: {"message": " ---> Using cache\n", "phase": "building"}
[2023-02-27 13:59:08]    data: {"message": " ---> c88403c39e43\n", "phase": "building"}
[2023-02-27 13:59:08]    data: {"message": "Step 30/53 : RUN mkdir -p ${NPM_DIR} && chown -R ${NB_USER}:${NB_USER} ${NPM_DIR}", "phase": "building"}
[2023-02-27 13:59:08]    data: {"message": "\n", "phase": "building"}
[2023-02-27 13:59:08]    data: {"message": " ---> Using cache\n", "phase": "building"}
[2023-02-27 13:59:08]    data: {"message": " ---> 53bbf6cfab59\n", "phase": "building"}
[2023-02-27 13:59:08]    data: {"message": "Step 31/53 : USER root", "phase": "building"}
[2023-02-27 13:59:08]    data: {"message": "\n", "phase": "building"}
[2023-02-27 13:59:08]    data: {"message": " ---> Using cache\n", "phase": "building"}
[2023-02-27 13:59:08]    data: {"message": " ---> 0beb389c4db2\n", "phase": "building"}
[2023-02-27 13:59:08]    data: {"message": "Step 32/53 : ARG REPO_DIR=${HOME}", "phase": "building"}
[2023-02-27 13:59:08]    data: {"message": "\n", "phase": "building"}
[2023-02-27 13:59:08]    data: {"message": " ---> Using cache\n", "phase": "building"}
[2023-02-27 13:59:08]    data: {"message": " ---> 3a750f754e75\n", "phase": "building"}
[2023-02-27 13:59:08]    data: {"message": "Step 33/53 : ENV REPO_DIR ${REPO_DIR}", "phase": "building"}
[2023-02-27 13:59:08]    data: {"message": "\n", "phase": "building"}
[2023-02-27 13:59:08]    data: {"message": " ---> Using cache\n", "phase": "building"}
[2023-02-27 13:59:08]    data: {"message": " ---> 4d36cd9cb220\n", "phase": "building"}
[2023-02-27 13:59:08]    data: {"message": "Step 34/53 : WORKDIR ${REPO_DIR}", "phase": "building"}
[2023-02-27 13:59:08]    data: {"message": "\n", "phase": "building"}
[2023-02-27 13:59:08]    data: {"message": " ---> Using cache\n", "phase": "building"}
[2023-02-27 13:59:08]    data: {"message": " ---> 6b54598af186\n", "phase": "building"}
[2023-02-27 13:59:08]    data: {"message": "Step 35/53 : RUN chown ${NB_USER}:${NB_USER} ${REPO_DIR}", "phase": "building"}
[2023-02-27 13:59:08]    data: {"message": "\n", "phase": "building"}
[2023-02-27 13:59:08]    data: {"message": " ---> Using cache\n", "phase": "building"}
[2023-02-27 13:59:08]    data: {"message": " ---> 867db9d0ba07\n", "phase": "building"}
[2023-02-27 13:59:08]    data: {"message": "Step 36/53 : ENV PATH ${HOME}/.local/bin:${REPO_DIR}/.local/bin:${PATH}", "phase": "building"}
[2023-02-27 13:59:08]    data: {"message": "\n", "phase": "building"}
[2023-02-27 13:59:08]    data: {"message": " ---> Using cache\n", "phase": "building"}
[2023-02-27 13:59:08]    data: {"message": " ---> f3c80f531297\n", "phase": "building"}
[2023-02-27 13:59:08]    data: {"message": "Step 37/53 : ENV CONDA_DEFAULT_ENV ${KERNEL_PYTHON_PREFIX}", "phase": "building"}
[2023-02-27 13:59:08]    data: {"message": "\n", "phase": "building"}
[2023-02-27 13:59:08]    data: {"message": " ---> Using cache\n", "phase": "building"}
[2023-02-27 13:59:08]    data: {"message": " ---> c935cecfde63\n", "phase": "building"}
[2023-02-27 13:59:08]    data: {"message": "Step 38/53 : COPY --chown=1000:1000 src/requirements.txt ${REPO_DIR}/requirements.txt", "phase": "building"}
[2023-02-27 13:59:08]    data: {"message": "\n", "phase": "building"}
[2023-02-27 13:59:08]    data: {"message": " ---> Using cache\n", "phase": "building"}
[2023-02-27 13:59:08]    data: {"message": " ---> e5544ee6dc96\n", "phase": "building"}
[2023-02-27 13:59:08]    data: {"message": "Step 39/53 : USER ${NB_USER}", "phase": "building"}
[2023-02-27 13:59:08]    data: {"message": "\n", "phase": "building"}
[2023-02-27 13:59:08]    data: {"message": " ---> Using cache\n", "phase": "building"}
[2023-02-27 13:59:08]    data: {"message": " ---> 6db1d6793830\n", "phase": "building"}
[2023-02-27 13:59:08]    data: {"message": "Step 40/53 : RUN ${KERNEL_PYTHON_PREFIX}/bin/pip install --no-cache-dir -r \"requirements.txt\"", "phase": "building"}
[2023-02-27 13:59:08]    data: {"message": "\n", "phase": "building"}
[2023-02-27 13:59:08]    data: {"message": " ---> Using cache\n", "phase": "building"}
[2023-02-27 13:59:08]    data: {"message": " ---> 95c88fcb28e9\n", "phase": "building"}
[2023-02-27 13:59:08]    data: {"message": "Step 41/53 : USER root", "phase": "building"}
[2023-02-27 13:59:08]    data: {"message": "\n", "phase": "building"}
[2023-02-27 13:59:08]    data: {"message": " ---> Using cache\n", "phase": "building"}
[2023-02-27 13:59:08]    data: {"message": " ---> bd96aa112159\n", "phase": "building"}
[2023-02-27 13:59:08]    data: {"message": "Step 42/53 : COPY --chown=1000:1000 src/ ${REPO_DIR}", "phase": "building"}
[2023-02-27 13:59:08]    data: {"message": "\n", "phase": "building"}
[2023-02-27 13:59:08]    data: {"message": " ---> 302712d140f5\n", "phase": "building"}
[2023-02-27 13:59:08]    data: {"message": "Step 43/53 : LABEL repo2docker.ref=\"270a0e16ebe3c00439b72abac0f825ac3ae1809c\"", "phase": "building"}
[2023-02-27 13:59:08]    data: {"message": "\n", "phase": "building"}
[2023-02-27 13:59:08]    data: {"message": " ---> Running in 599f59576b06\n", "phase": "building"}
[2023-02-27 13:59:09]    data: {"message": "Removing intermediate container 599f59576b06\n", "phase": "building"}
[2023-02-27 13:59:09]    data: {"message": " ---> 03f8a232cf5e\n", "phase": "building"}
[2023-02-27 13:59:09]    data: {"message": "Step 44/53 : LABEL repo2docker.repo=\"https://gitlab.liu.se/oskho10/ete335-binder\"", "phase": "building"}
[2023-02-27 13:59:09]    data: {"message": "\n", "phase": "building"}
[2023-02-27 13:59:09]    data: {"message": " ---> Running in 7ab21efdf606\n", "phase": "building"}
[2023-02-27 13:59:09]    data: {"message": "Removing intermediate container 7ab21efdf606\n", "phase": "building"}
[2023-02-27 13:59:09]    data: {"message": " ---> 2e0edc3b44d4\n", "phase": "building"}
[2023-02-27 13:59:09]    data: {"message": "Step 45/53 : LABEL repo2docker.version=\"2022.02.0\"", "phase": "building"}
[2023-02-27 13:59:09]    data: {"message": "\n", "phase": "building"}
[2023-02-27 13:59:09]    data: {"message": " ---> Running in 50ed0d9a901b\n", "phase": "building"}
[2023-02-27 13:59:09]    data: {"message": "Removing intermediate container 50ed0d9a901b\n", "phase": "building"}
[2023-02-27 13:59:09]    data: {"message": " ---> 73d3ce1a02e9\n", "phase": "building"}
[2023-02-27 13:59:09]    data: {"message": "Step 46/53 : USER ${NB_USER}", "phase": "building"}
[2023-02-27 13:59:09]    data: {"message": "\n", "phase": "building"}
[2023-02-27 13:59:09]    data: {"message": " ---> Running in aab576ed5b12\n", "phase": "building"}
[2023-02-27 13:59:09]    data: {"message": "Removing intermediate container aab576ed5b12\n", "phase": "building"}
[2023-02-27 13:59:09]    data: {"message": " ---> 58e825b3d85c\n", "phase": "building"}
[2023-02-27 13:59:09]    data: {"message": "Step 47/53 : RUN chmod +x postBuild", "phase": "building"}
[2023-02-27 13:59:09]    data: {"message": "\n", "phase": "building"}
[2023-02-27 13:59:09]    data: {"message": " ---> Running in b9b03637b3f7\n", "phase": "building"}
[2023-02-27 13:59:09]    data: {"message": "Removing intermediate container b9b03637b3f7\n", "phase": "building"}
[2023-02-27 13:59:09]    data: {"message": " ---> 3f549f5d8802\n", "phase": "building"}
[2023-02-27 13:59:09]    data: {"message": "Step 48/53 : RUN ./postBuild", "phase": "building"}
[2023-02-27 13:59:09]    data: {"message": "\n", "phase": "building"}
[2023-02-27 13:59:09]    data: {"message": " ---> Running in 795a0bd0d684\n", "phase": "building"}
[2023-02-27 13:59:14]    data: {"message": "Collecting en-core-web-sm==3.4.1\n", "phase": "building"}
[2023-02-27 13:59:15]    data: {"message": "  Downloading https://github.com/explosion/spacy-models/releases/download/en_core_web_sm-3.4.1/en_core_web_sm-3.4.1-py3-none-any.whl (12.8 MB)\n", "phase": "building"}
[2023-02-27 13:59:15]    data: {"message": "Requirement already satisfied: spacy<3.5.0,>=3.4.0 in /srv/conda/envs/notebook/lib/python3.7/site-packages (from en-core-web-sm==3.4.1) (3.4.0)\n", "phase": "building"}
[2023-02-27 13:59:15]    data: {"message": "Requirement already satisfied: typing-extensions<4.2.0,>=3.7.4 in /srv/conda/envs/notebook/lib/python3.7/site-packages (from spacy<3.5.0,>=3.4.0->en-core-web-sm==3.4.1) (4.0.1)\n", "phase": "building"}
[2023-02-27 13:59:15]    data: {"message": "Requirement already satisfied: spacy-legacy<3.1.0,>=3.0.9 in /srv/conda/envs/notebook/lib/python3.7/site-packages (from spacy<3.5.0,>=3.4.0->en-core-web-sm==3.4.1) (3.0.10)\n", "phase": "building"}
[2023-02-27 13:59:15]    data: {"message": "Requirement already satisfied: jinja2 in /srv/conda/envs/notebook/lib/python3.7/site-packages (from spacy<3.5.0,>=3.4.0->en-core-web-sm==3.4.1) (3.0.3)\n", "phase": "building"}
[2023-02-27 13:59:15]    data: {"message": "Requirement already satisfied: srsly<3.0.0,>=2.4.3 in /srv/conda/envs/notebook/lib/python3.7/site-packages (from spacy<3.5.0,>=3.4.0->en-core-web-sm==3.4.1) (2.4.5)\n", "phase": "building"}
[2023-02-27 13:59:15]    data: {"message": "Requirement already satisfied: typer<0.5.0,>=0.3.0 in /srv/conda/envs/notebook/lib/python3.7/site-packages (from spacy<3.5.0,>=3.4.0->en-core-web-sm==3.4.1) (0.4.2)\n", "phase": "building"}
[2023-02-27 13:59:15]    data: {"message": "Requirement already satisfied: pydantic!=1.8,!=1.8.1,<1.10.0,>=1.7.4 in /srv/conda/envs/notebook/lib/python3.7/site-packages (from spacy<3.5.0,>=3.4.0->en-core-web-sm==3.4.1) (1.9.2)\n", "phase": "building"}
[2023-02-27 13:59:15]    data: {"message": "Requirement already satisfied: numpy>=1.15.0 in /srv/conda/envs/notebook/lib/python3.7/site-packages (from spacy<3.5.0,>=3.4.0->en-core-web-sm==3.4.1) (1.21.6)\n", "phase": "building"}
[2023-02-27 13:59:15]    data: {"message": "Requirement already satisfied: spacy-loggers<2.0.0,>=1.0.0 in /srv/conda/envs/notebook/lib/python3.7/site-packages (from spacy<3.5.0,>=3.4.0->en-core-web-sm==3.4.1) (1.0.4)\n", "phase": "building"}
[2023-02-27 13:59:15]    data: {"message": "Requirement already satisfied: thinc<8.2.0,>=8.1.0 in /srv/conda/envs/notebook/lib/python3.7/site-packages (from spacy<3.5.0,>=3.4.0->en-core-web-sm==3.4.1) (8.1.5)\n", "phase": "building"}
[2023-02-27 13:59:15]    data: {"message": "Requirement already satisfied: wasabi<1.1.0,>=0.9.1 in /srv/conda/envs/notebook/lib/python3.7/site-packages (from spacy<3.5.0,>=3.4.0->en-core-web-sm==3.4.1) (0.10.1)\n", "phase": "building"}
[2023-02-27 13:59:15]    data: {"message": "Requirement already satisfied: setuptools in /srv/conda/envs/notebook/lib/python3.7/site-packages (from spacy<3.5.0,>=3.4.0->en-core-web-sm==3.4.1) (60.5.0)\n", "phase": "building"}
[2023-02-27 13:59:15]    data: {"message": "Requirement already satisfied: preshed<3.1.0,>=3.0.2 in /srv/conda/envs/notebook/lib/python3.7/site-packages (from spacy<3.5.0,>=3.4.0->en-core-web-sm==3.4.1) (3.0.8)\n", "phase": "building"}
[2023-02-27 13:59:15]    data: {"message": "Requirement already satisfied: packaging>=20.0 in /srv/conda/envs/notebook/lib/python3.7/site-packages (from spacy<3.5.0,>=3.4.0->en-core-web-sm==3.4.1) (21.3)\n", "phase": "building"}
[2023-02-27 13:59:15]    data: {"message": "Requirement already satisfied: requests<3.0.0,>=2.13.0 in /srv/conda/envs/notebook/lib/python3.7/site-packages (from spacy<3.5.0,>=3.4.0->en-core-web-sm==3.4.1) (2.27.1)\n", "phase": "building"}
[2023-02-27 13:59:15]    data: {"message": "Requirement already satisfied: cymem<2.1.0,>=2.0.2 in /srv/conda/envs/notebook/lib/python3.7/site-packages (from spacy<3.5.0,>=3.4.0->en-core-web-sm==3.4.1) (2.0.7)\n", "phase": "building"}
[2023-02-27 13:59:15]    data: {"message": "Requirement already satisfied: pathy>=0.3.5 in /srv/conda/envs/notebook/lib/python3.7/site-packages (from spacy<3.5.0,>=3.4.0->en-core-web-sm==3.4.1) (0.10.1)\n", "phase": "building"}
[2023-02-27 13:59:15]    data: {"message": "Requirement already satisfied: catalogue<2.1.0,>=2.0.6 in /srv/conda/envs/notebook/lib/python3.7/site-packages (from spacy<3.5.0,>=3.4.0->en-core-web-sm==3.4.1) (2.0.8)\n", "phase": "building"}
[2023-02-27 13:59:15]    data: {"message": "Requirement already satisfied: langcodes<4.0.0,>=3.2.0 in /srv/conda/envs/notebook/lib/python3.7/site-packages (from spacy<3.5.0,>=3.4.0->en-core-web-sm==3.4.1) (3.3.0)\n", "phase": "building"}
[2023-02-27 13:59:15]    data: {"message": "Requirement already satisfied: tqdm<5.0.0,>=4.38.0 in /srv/conda/envs/notebook/lib/python3.7/site-packages (from spacy<3.5.0,>=3.4.0->en-core-web-sm==3.4.1) (4.64.1)\n", "phase": "building"}
[2023-02-27 13:59:15]    data: {"message": "Requirement already satisfied: murmurhash<1.1.0,>=0.28.0 in /srv/conda/envs/notebook/lib/python3.7/site-packages (from spacy<3.5.0,>=3.4.0->en-core-web-sm==3.4.1) (1.0.9)\n", "phase": "building"}
[2023-02-27 13:59:15]    data: {"message": "Requirement already satisfied: zipp>=0.5 in /srv/conda/envs/notebook/lib/python3.7/site-packages (from catalogue<2.1.0,>=2.0.6->spacy<3.5.0,>=3.4.0->en-core-web-sm==3.4.1) (3.7.0)\n", "phase": "building"}
[2023-02-27 13:59:15]    data: {"message": "Requirement already satisfied: pyparsing!=3.0.5,>=2.0.2 in /srv/conda/envs/notebook/lib/python3.7/site-packages (from packaging>=20.0->spacy<3.5.0,>=3.4.0->en-core-web-sm==3.4.1) (3.0.7)\n", "phase": "building"}
[2023-02-27 13:59:15]    data: {"message": "Requirement already satisfied: smart-open<7.0.0,>=5.2.1 in /srv/conda/envs/notebook/lib/python3.7/site-packages (from pathy>=0.3.5->spacy<3.5.0,>=3.4.0->en-core-web-sm==3.4.1) (6.3.0)\n", "phase": "building"}
[2023-02-27 13:59:15]    data: {"message": "Requirement already satisfied: certifi>=2017.4.17 in /srv/conda/envs/notebook/lib/python3.7/site-packages (from requests<3.0.0,>=2.13.0->spacy<3.5.0,>=3.4.0->en-core-web-sm==3.4.1) (2021.10.8)\n", "phase": "building"}
[2023-02-27 13:59:15]    data: {"message": "Requirement already satisfied: urllib3<1.27,>=1.21.1 in /srv/conda/envs/notebook/lib/python3.7/site-packages (from requests<3.0.0,>=2.13.0->spacy<3.5.0,>=3.4.0->en-core-web-sm==3.4.1) (1.26.8)\n", "phase": "building"}
[2023-02-27 13:59:15]    data: {"message": "Requirement already satisfied: idna<4,>=2.5 in /srv/conda/envs/notebook/lib/python3.7/site-packages (from requests<3.0.0,>=2.13.0->spacy<3.5.0,>=3.4.0->en-core-web-sm==3.4.1) (3.3)\n", "phase": "building"}
[2023-02-27 13:59:15]    data: {"message": "Requirement already satisfied: charset-normalizer~=2.0.0 in /srv/conda/envs/notebook/lib/python3.7/site-packages (from requests<3.0.0,>=2.13.0->spacy<3.5.0,>=3.4.0->en-core-web-sm==3.4.1) (2.0.10)\n", "phase": "building"}
[2023-02-27 13:59:15]    data: {"message": "Requirement already satisfied: blis<0.8.0,>=0.7.8 in /srv/conda/envs/notebook/lib/python3.7/site-packages (from thinc<8.2.0,>=8.1.0->spacy<3.5.0,>=3.4.0->en-core-web-sm==3.4.1) (0.7.9)\n", "phase": "building"}
[2023-02-27 13:59:15]    data: {"message": "Requirement already satisfied: confection<1.0.0,>=0.0.1 in /srv/conda/envs/notebook/lib/python3.7/site-packages (from thinc<8.2.0,>=8.1.0->spacy<3.5.0,>=3.4.0->en-core-web-sm==3.4.1) (0.0.3)\n", "phase": "building"}
[2023-02-27 13:59:15]    data: {"message": "Requirement already satisfied: click<9.0.0,>=7.1.1 in /srv/conda/envs/notebook/lib/python3.7/site-packages (from typer<0.5.0,>=0.3.0->spacy<3.5.0,>=3.4.0->en-core-web-sm==3.4.1) (8.1.3)\n", "phase": "building"}
[2023-02-27 13:59:15]    data: {"message": "Requirement already satisfied: MarkupSafe>=2.0 in /srv/conda/envs/notebook/lib/python3.7/site-packages (from jinja2->spacy<3.5.0,>=3.4.0->en-core-web-sm==3.4.1) (2.0.1)\n", "phase": "building"}
[2023-02-27 13:59:16]    data: {"message": "Requirement already satisfied: importlib-metadata in /srv/conda/envs/notebook/lib/python3.7/site-packages (from click<9.0.0,>=7.1.1->typer<0.5.0,>=0.3.0->spacy<3.5.0,>=3.4.0->en-core-web-sm==3.4.1) (4.10.1)\n", "phase": "building"}
[2023-02-27 13:59:16]    data: {"message": "Installing collected packages: en-core-web-sm\n", "phase": "building"}
[2023-02-27 13:59:16]    data: {"message": "Successfully installed en-core-web-sm-3.4.1\n", "phase": "building"}
[2023-02-27 13:59:16]    data: {"message": "\u001b[38;5;2m\u2714 Download and installation successful\u001b[0m\nYou can now load the package via spacy.load('en_core_web_sm')\n", "phase": "building"}
[2023-02-27 13:59:18]    data: {"message": "Collecting sv-core-news-sm==3.4.0\n", "phase": "building"}
[2023-02-27 13:59:19]    data: {"message": "  Downloading https://github.com/explosion/spacy-models/releases/download/sv_core_news_sm-3.4.0/sv_core_news_sm-3.4.0-py3-none-any.whl (12.7 MB)\n", "phase": "building"}
[2023-02-27 13:59:19]    data: {"message": "Requirement already satisfied: spacy<3.5.0,>=3.4.0 in /srv/conda/envs/notebook/lib/python3.7/site-packages (from sv-core-news-sm==3.4.0) (3.4.0)\n", "phase": "building"}
[2023-02-27 13:59:19]    data: {"message": "Requirement already satisfied: langcodes<4.0.0,>=3.2.0 in /srv/conda/envs/notebook/lib/python3.7/site-packages (from spacy<3.5.0,>=3.4.0->sv-core-news-sm==3.4.0) (3.3.0)\n", "phase": "building"}
[2023-02-27 13:59:19]    data: {"message": "Requirement already satisfied: typer<0.5.0,>=0.3.0 in /srv/conda/envs/notebook/lib/python3.7/site-packages (from spacy<3.5.0,>=3.4.0->sv-core-news-sm==3.4.0) (0.4.2)\n", "phase": "building"}
[2023-02-27 13:59:19]    data: {"message": "Requirement already satisfied: jinja2 in /srv/conda/envs/notebook/lib/python3.7/site-packages (from spacy<3.5.0,>=3.4.0->sv-core-news-sm==3.4.0) (3.0.3)\n", "phase": "building"}
[2023-02-27 13:59:19]    data: {"message": "Requirement already satisfied: requests<3.0.0,>=2.13.0 in /srv/conda/envs/notebook/lib/python3.7/site-packages (from spacy<3.5.0,>=3.4.0->sv-core-news-sm==3.4.0) (2.27.1)\n", "phase": "building"}
[2023-02-27 13:59:19]    data: {"message": "Requirement already satisfied: cymem<2.1.0,>=2.0.2 in /srv/conda/envs/notebook/lib/python3.7/site-packages (from spacy<3.5.0,>=3.4.0->sv-core-news-sm==3.4.0) (2.0.7)\n", "phase": "building"}
[2023-02-27 13:59:19]    data: {"message": "Requirement already satisfied: pathy>=0.3.5 in /srv/conda/envs/notebook/lib/python3.7/site-packages (from spacy<3.5.0,>=3.4.0->sv-core-news-sm==3.4.0) (0.10.1)\n", "phase": "building"}
[2023-02-27 13:59:19]    data: {"message": "Requirement already satisfied: wasabi<1.1.0,>=0.9.1 in /srv/conda/envs/notebook/lib/python3.7/site-packages (from spacy<3.5.0,>=3.4.0->sv-core-news-sm==3.4.0) (0.10.1)\n", "phase": "building"}
[2023-02-27 13:59:19]    data: {"message": "Requirement already satisfied: tqdm<5.0.0,>=4.38.0 in /srv/conda/envs/notebook/lib/python3.7/site-packages (from spacy<3.5.0,>=3.4.0->sv-core-news-sm==3.4.0) (4.64.1)\n", "phase": "building"}
[2023-02-27 13:59:19]    data: {"message": "Requirement already satisfied: spacy-legacy<3.1.0,>=3.0.9 in /srv/conda/envs/notebook/lib/python3.7/site-packages (from spacy<3.5.0,>=3.4.0->sv-core-news-sm==3.4.0) (3.0.10)\n", "phase": "building"}
[2023-02-27 13:59:19]    data: {"message": "Requirement already satisfied: preshed<3.1.0,>=3.0.2 in /srv/conda/envs/notebook/lib/python3.7/site-packages (from spacy<3.5.0,>=3.4.0->sv-core-news-sm==3.4.0) (3.0.8)\n", "phase": "building"}
[2023-02-27 13:59:19]    data: {"message": "Requirement already satisfied: packaging>=20.0 in /srv/conda/envs/notebook/lib/python3.7/site-packages (from spacy<3.5.0,>=3.4.0->sv-core-news-sm==3.4.0) (21.3)\n", "phase": "building"}
[2023-02-27 13:59:19]    data: {"message": "Requirement already satisfied: numpy>=1.15.0 in /srv/conda/envs/notebook/lib/python3.7/site-packages (from spacy<3.5.0,>=3.4.0->sv-core-news-sm==3.4.0) (1.21.6)\n", "phase": "building"}
[2023-02-27 13:59:19]    data: {"message": "Requirement already satisfied: catalogue<2.1.0,>=2.0.6 in /srv/conda/envs/notebook/lib/python3.7/site-packages (from spacy<3.5.0,>=3.4.0->sv-core-news-sm==3.4.0) (2.0.8)\n", "phase": "building"}
[2023-02-27 13:59:19]    data: {"message": "Requirement already satisfied: srsly<3.0.0,>=2.4.3 in /srv/conda/envs/notebook/lib/python3.7/site-packages (from spacy<3.5.0,>=3.4.0->sv-core-news-sm==3.4.0) (2.4.5)\n", "phase": "building"}
[2023-02-27 13:59:19]    data: {"message": "Requirement already satisfied: murmurhash<1.1.0,>=0.28.0 in /srv/conda/envs/notebook/lib/python3.7/site-packages (from spacy<3.5.0,>=3.4.0->sv-core-news-sm==3.4.0) (1.0.9)\n", "phase": "building"}
[2023-02-27 13:59:19]    data: {"message": "Requirement already satisfied: typing-extensions<4.2.0,>=3.7.4 in /srv/conda/envs/notebook/lib/python3.7/site-packages (from spacy<3.5.0,>=3.4.0->sv-core-news-sm==3.4.0) (4.0.1)\n", "phase": "building"}
[2023-02-27 13:59:19]    data: {"message": "Requirement already satisfied: spacy-loggers<2.0.0,>=1.0.0 in /srv/conda/envs/notebook/lib/python3.7/site-packages (from spacy<3.5.0,>=3.4.0->sv-core-news-sm==3.4.0) (1.0.4)\n", "phase": "building"}
[2023-02-27 13:59:19]    data: {"message": "Requirement already satisfied: thinc<8.2.0,>=8.1.0 in /srv/conda/envs/notebook/lib/python3.7/site-packages (from spacy<3.5.0,>=3.4.0->sv-core-news-sm==3.4.0) (8.1.5)\n", "phase": "building"}
[2023-02-27 13:59:19]    data: {"message": "Requirement already satisfied: pydantic!=1.8,!=1.8.1,<1.10.0,>=1.7.4 in /srv/conda/envs/notebook/lib/python3.7/site-packages (from spacy<3.5.0,>=3.4.0->sv-core-news-sm==3.4.0) (1.9.2)\n", "phase": "building"}
[2023-02-27 13:59:19]    data: {"message": "Requirement already satisfied: setuptools in /srv/conda/envs/notebook/lib/python3.7/site-packages (from spacy<3.5.0,>=3.4.0->sv-core-news-sm==3.4.0) (60.5.0)\n", "phase": "building"}
[2023-02-27 13:59:19]    data: {"message": "Requirement already satisfied: zipp>=0.5 in /srv/conda/envs/notebook/lib/python3.7/site-packages (from catalogue<2.1.0,>=2.0.6->spacy<3.5.0,>=3.4.0->sv-core-news-sm==3.4.0) (3.7.0)\n", "phase": "building"}
[2023-02-27 13:59:19]    data: {"message": "Requirement already satisfied: pyparsing!=3.0.5,>=2.0.2 in /srv/conda/envs/notebook/lib/python3.7/site-packages (from packaging>=20.0->spacy<3.5.0,>=3.4.0->sv-core-news-sm==3.4.0) (3.0.7)\n", "phase": "building"}
[2023-02-27 13:59:19]    data: {"message": "Requirement already satisfied: smart-open<7.0.0,>=5.2.1 in /srv/conda/envs/notebook/lib/python3.7/site-packages (from pathy>=0.3.5->spacy<3.5.0,>=3.4.0->sv-core-news-sm==3.4.0) (6.3.0)\n", "phase": "building"}
[2023-02-27 13:59:19]    data: {"message": "Requirement already satisfied: urllib3<1.27,>=1.21.1 in /srv/conda/envs/notebook/lib/python3.7/site-packages (from requests<3.0.0,>=2.13.0->spacy<3.5.0,>=3.4.0->sv-core-news-sm==3.4.0) (1.26.8)\n", "phase": "building"}
[2023-02-27 13:59:19]    data: {"message": "Requirement already satisfied: certifi>=2017.4.17 in /srv/conda/envs/notebook/lib/python3.7/site-packages (from requests<3.0.0,>=2.13.0->spacy<3.5.0,>=3.4.0->sv-core-news-sm==3.4.0) (2021.10.8)\n", "phase": "building"}
[2023-02-27 13:59:19]    data: {"message": "Requirement already satisfied: charset-normalizer~=2.0.0 in /srv/conda/envs/notebook/lib/python3.7/site-packages (from requests<3.0.0,>=2.13.0->spacy<3.5.0,>=3.4.0->sv-core-news-sm==3.4.0) (2.0.10)\n", "phase": "building"}
[2023-02-27 13:59:19]    data: {"message": "Requirement already satisfied: idna<4,>=2.5 in /srv/conda/envs/notebook/lib/python3.7/site-packages (from requests<3.0.0,>=2.13.0->spacy<3.5.0,>=3.4.0->sv-core-news-sm==3.4.0) (3.3)\n", "phase": "building"}
[2023-02-27 13:59:19]    data: {"message": "Requirement already satisfied: blis<0.8.0,>=0.7.8 in /srv/conda/envs/notebook/lib/python3.7/site-packages (from thinc<8.2.0,>=8.1.0->spacy<3.5.0,>=3.4.0->sv-core-news-sm==3.4.0) (0.7.9)\n", "phase": "building"}
[2023-02-27 13:59:19]    data: {"message": "Requirement already satisfied: confection<1.0.0,>=0.0.1 in /srv/conda/envs/notebook/lib/python3.7/site-packages (from thinc<8.2.0,>=8.1.0->spacy<3.5.0,>=3.4.0->sv-core-news-sm==3.4.0) (0.0.3)\n", "phase": "building"}
[2023-02-27 13:59:19]    data: {"message": "Requirement already satisfied: click<9.0.0,>=7.1.1 in /srv/conda/envs/notebook/lib/python3.7/site-packages (from typer<0.5.0,>=0.3.0->spacy<3.5.0,>=3.4.0->sv-core-news-sm==3.4.0) (8.1.3)\n", "phase": "building"}
[2023-02-27 13:59:19]    data: {"message": "Requirement already satisfied: MarkupSafe>=2.0 in /srv/conda/envs/notebook/lib/python3.7/site-packages (from jinja2->spacy<3.5.0,>=3.4.0->sv-core-news-sm==3.4.0) (2.0.1)\n", "phase": "building"}
[2023-02-27 13:59:19]    data: {"message": "Requirement already satisfied: importlib-metadata in /srv/conda/envs/notebook/lib/python3.7/site-packages (from click<9.0.0,>=7.1.1->typer<0.5.0,>=0.3.0->spacy<3.5.0,>=3.4.0->sv-core-news-sm==3.4.0) (4.10.1)\n", "phase": "building"}
[2023-02-27 13:59:20]    data: {"message": "Installing collected packages: sv-core-news-sm\n", "phase": "building"}
[2023-02-27 13:59:20]    data: {"message": "Successfully installed sv-core-news-sm-3.4.0\n", "phase": "building"}
[2023-02-27 13:59:23]    data: {"message": "\u001b[38;5;2m\u2714 Download and installation successful\u001b[0m\nYou can now load the package via spacy.load('sv_core_news_sm')\n", "phase": "building"}
[2023-02-27 13:59:23]    data: {"message": "Removing intermediate container 795a0bd0d684\n", "phase": "building"}
[2023-02-27 13:59:23]    data: {"message": " ---> 113d3b078df1\n", "phase": "building"}
[2023-02-27 13:59:23]    data: {"message": "Step 49/53 : ENV PYTHONUNBUFFERED=1", "phase": "building"}
[2023-02-27 13:59:23]    data: {"message": "\n", "phase": "building"}
[2023-02-27 13:59:23]    data: {"message": " ---> Running in 491d3dea07a5\n", "phase": "building"}
[2023-02-27 13:59:23]    data: {"message": "Removing intermediate container 491d3dea07a5\n", "phase": "building"}
[2023-02-27 13:59:23]    data: {"message": " ---> cc3a972a7a1a\n", "phase": "building"}
[2023-02-27 13:59:23]    data: {"message": "Step 50/53 : COPY /python3-login /usr/local/bin/python3-login", "phase": "building"}
[2023-02-27 13:59:23]    data: {"message": "\n", "phase": "building"}
[2023-02-27 13:59:23]    data: {"message": " ---> 83eb1cba7f65\n", "phase": "building"}
[2023-02-27 13:59:23]    data: {"message": "Step 51/53 : COPY /repo2docker-entrypoint /usr/local/bin/repo2docker-entrypoint", "phase": "building"}
[2023-02-27 13:59:23]    data: {"message": "\n", "phase": "building"}
[2023-02-27 13:59:23]    data: {"message": " ---> f49d3a28b966\n", "phase": "building"}
[2023-02-27 13:59:24]    data: {"message": "Step 52/53 : ENTRYPOINT [\"/usr/local/bin/repo2docker-entrypoint\"]", "phase": "building"}
[2023-02-27 13:59:24]    data: {"message": "\n", "phase": "building"}
[2023-02-27 13:59:24]    data: {"message": " ---> Running in 687cd63c9727\n", "phase": "building"}
[2023-02-27 13:59:24]    data: {"message": "Removing intermediate container 687cd63c9727\n", "phase": "building"}
[2023-02-27 13:59:24]    data: {"message": " ---> e1dd854c92bb\n", "phase": "building"}
[2023-02-27 13:59:24]    data: {"message": "Step 53/53 : CMD [\"jupyter\", \"notebook\", \"--ip\", \"0.0.0.0\"]", "phase": "building"}
[2023-02-27 13:59:24]    data: {"message": "\n", "phase": "building"}
[2023-02-27 13:59:24]    data: {"message": " ---> Running in 0eb992734ee5\n", "phase": "building"}
[2023-02-27 13:59:24]    data: {"message": "Removing intermediate container 0eb992734ee5\n", "phase": "building"}
[2023-02-27 13:59:24]    data: {"message": " ---> e44574b59b76\n", "phase": "building"}
[2023-02-27 13:59:24]    data: {"message": "{\"aux\": {\"ID\": \"sha256:e44574b59b764a29be4884cc22966ba081a4c7e43e0b998e12ce67bfa604b226\"}}", "phase": "building"}
[2023-02-27 13:59:24]    data: {"message": "Successfully built e44574b59b76\n", "phase": "building"}
[2023-02-27 13:59:25]    data: {"message": "Successfully tagged gitlab.it.liu.se:5000/drs/binderhub/prod-https-3a-2f-2fgitlab-2eliu-2ese-2foskho10-2fete335-2dbinder-768a06:270a0e16ebe3c00439b72abac0f825ac3ae1809c\n", "phase": "building"}
[2023-02-27 13:59:25]    data: {"message": "Pushing image\n", "progress": {"df1b98141b48": "Pushed", "b6fa9c97d307": "Pushed", "6b7ef3f970c5": {"current": 22242816, "total": 307918124}, "08acf365b0da": "Pushed", "129859bc5929": {"current": 23063040, "total": 45384879}, "aca5aa2a6c1d": "Layer already exists", "65ced049743d": "Layer already exists", "be8c62a7299c": "Layer already exists", "618461753f88": "Layer already exists", "cac3477861c8": "Layer already exists", "f9dc48c06989": "Layer already exists", "9089f50cee6d": "Layer already exists", "ae5ef92c141a": "Layer already exists", "0bf1d9f832ae": "Layer already exists", "22ba3be55260": "Layer already exists", "eda42482c7f2": "Layer already exists", "125370a746a2": "Layer already exists", "552909685bc3": "Layer already exists", "d9e8cdd31231": "Layer already exists", "ec0cf3f5d041": "Layer already exists", "247e446cfbed": "Layer already exists", "45bbe3d22998": "Layer already exists"}, "layers": {"df1b98141b48": {"status": "Pushed", "progressDetail": {}, "id": "df1b98141b48"}, "b6fa9c97d307": {"status": "Pushed", "progressDetail": {}, "id": "b6fa9c97d307"}, "6b7ef3f970c5": {"status": "Pushing", "progressDetail": {"current": 22242816, "total": 307918124}, "progress": "[===>                                               ]  22.24MB/307.9MB", "id": "6b7ef3f970c5"}, "08acf365b0da": {"status": "Pushed", "progressDetail": {}, "id": "08acf365b0da"}, "129859bc5929": {"status": "Pushing", "progressDetail": {"current": 23063040, "total": 45384879}, "progress": "[=========================>                         ]  23.06MB/45.38MB", "id": "129859bc5929"}, "aca5aa2a6c1d": {"status": "Layer already exists", "progressDetail": {}, "id": "aca5aa2a6c1d"}, "65ced049743d": {"status": "Layer already exists", "progressDetail": {}, "id": "65ced049743d"}, "be8c62a7299c": {"status": "Layer already exists", "progressDetail": {}, "id": "be8c62a7299c"}, "618461753f88": {"status": "Layer already exists", "progressDetail": {}, "id": "618461753f88"}, "cac3477861c8": {"status": "Layer already exists", "progressDetail": {}, "id": "cac3477861c8"}, "f9dc48c06989": {"status": "Layer already exists", "progressDetail": {}, "id": "f9dc48c06989"}, "9089f50cee6d": {"status": "Layer already exists", "progressDetail": {}, "id": "9089f50cee6d"}, "ae5ef92c141a": {"status": "Layer already exists", "progressDetail": {}, "id": "ae5ef92c141a"}, "0bf1d9f832ae": {"status": "Layer already exists", "progressDetail": {}, "id": "0bf1d9f832ae"}, "22ba3be55260": {"status": "Layer already exists", "progressDetail": {}, "id": "22ba3be55260"}, "eda42482c7f2": {"status": "Layer already exists", "progressDetail": {}, "id": "eda42482c7f2"}, "125370a746a2": {"status": "Layer already exists", "progressDetail": {}, "id": "125370a746a2"}, "552909685bc3": {"status": "Layer already exists", "progressDetail": {}, "id": "552909685bc3"}, "d9e8cdd31231": {"status": "Layer already exists", "progressDetail": {}, "id": "d9e8cdd31231"}, "ec0cf3f5d041": {"status": "Layer already exists", "progressDetail": {}, "id": "ec0cf3f5d041"}, "247e446cfbed": {"status": "Layer already exists", "progressDetail": {}, "id": "247e446cfbed"}, "45bbe3d22998": {"status": "Layer already exists", "progressDetail": {}, "id": "45bbe3d22998"}}, "phase": "pushing"}
[2023-02-27 13:59:27]    data: {"message": "Pushing image\n", "progress": {"df1b98141b48": "Pushed", "b6fa9c97d307": "Pushed", "6b7ef3f970c5": {"current": 50618368, "total": 307918124}, "08acf365b0da": "Pushed", "129859bc5929": "Pushed", "aca5aa2a6c1d": "Layer already exists", "65ced049743d": "Layer already exists", "be8c62a7299c": "Layer already exists", "618461753f88": "Layer already exists", "cac3477861c8": "Layer already exists", "f9dc48c06989": "Layer already exists", "9089f50cee6d": "Layer already exists", "ae5ef92c141a": "Layer already exists", "0bf1d9f832ae": "Layer already exists", "22ba3be55260": "Layer already exists", "eda42482c7f2": "Layer already exists", "125370a746a2": "Layer already exists", "552909685bc3": "Layer already exists", "d9e8cdd31231": "Layer already exists", "ec0cf3f5d041": "Layer already exists", "247e446cfbed": "Layer already exists", "45bbe3d22998": "Layer already exists"}, "layers": {"df1b98141b48": {"status": "Pushed", "progressDetail": {}, "id": "df1b98141b48"}, "b6fa9c97d307": {"status": "Pushed", "progressDetail": {}, "id": "b6fa9c97d307"}, "6b7ef3f970c5": {"status": "Pushing", "progressDetail": {"current": 50618368, "total": 307918124}, "progress": "[========>                                          ]  50.62MB/307.9MB", "id": "6b7ef3f970c5"}, "08acf365b0da": {"status": "Pushed", "progressDetail": {}, "id": "08acf365b0da"}, "129859bc5929": {"status": "Pushed", "progressDetail": {}, "id": "129859bc5929"}, "aca5aa2a6c1d": {"status": "Layer already exists", "progressDetail": {}, "id": "aca5aa2a6c1d"}, "65ced049743d": {"status": "Layer already exists", "progressDetail": {}, "id": "65ced049743d"}, "be8c62a7299c": {"status": "Layer already exists", "progressDetail": {}, "id": "be8c62a7299c"}, "618461753f88": {"status": "Layer already exists", "progressDetail": {}, "id": "618461753f88"}, "cac3477861c8": {"status": "Layer already exists", "progressDetail": {}, "id": "cac3477861c8"}, "f9dc48c06989": {"status": "Layer already exists", "progressDetail": {}, "id": "f9dc48c06989"}, "9089f50cee6d": {"status": "Layer already exists", "progressDetail": {}, "id": "9089f50cee6d"}, "ae5ef92c141a": {"status": "Layer already exists", "progressDetail": {}, "id": "ae5ef92c141a"}, "0bf1d9f832ae": {"status": "Layer already exists", "progressDetail": {}, "id": "0bf1d9f832ae"}, "22ba3be55260": {"status": "Layer already exists", "progressDetail": {}, "id": "22ba3be55260"}, "eda42482c7f2": {"status": "Layer already exists", "progressDetail": {}, "id": "eda42482c7f2"}, "125370a746a2": {"status": "Layer already exists", "progressDetail": {}, "id": "125370a746a2"}, "552909685bc3": {"status": "Layer already exists", "progressDetail": {}, "id": "552909685bc3"}, "d9e8cdd31231": {"status": "Layer already exists", "progressDetail": {}, "id": "d9e8cdd31231"}, "ec0cf3f5d041": {"status": "Layer already exists", "progressDetail": {}, "id": "ec0cf3f5d041"}, "247e446cfbed": {"status": "Layer already exists", "progressDetail": {}, "id": "247e446cfbed"}, "45bbe3d22998": {"status": "Layer already exists", "progressDetail": {}, "id": "45bbe3d22998"}}, "phase": "pushing"}
[2023-02-27 13:59:28]    data: {"message": "Pushing image\n", "progress": {"df1b98141b48": "Pushed", "b6fa9c97d307": "Pushed", "6b7ef3f970c5": {"current": 80142336, "total": 307918124}, "08acf365b0da": "Pushed", "129859bc5929": "Pushed", "aca5aa2a6c1d": "Layer already exists", "65ced049743d": "Layer already exists", "be8c62a7299c": "Layer already exists", "618461753f88": "Layer already exists", "cac3477861c8": "Layer already exists", "f9dc48c06989": "Layer already exists", "9089f50cee6d": "Layer already exists", "ae5ef92c141a": "Layer already exists", "0bf1d9f832ae": "Layer already exists", "22ba3be55260": "Layer already exists", "eda42482c7f2": "Layer already exists", "125370a746a2": "Layer already exists", "552909685bc3": "Layer already exists", "d9e8cdd31231": "Layer already exists", "ec0cf3f5d041": "Layer already exists", "247e446cfbed": "Layer already exists", "45bbe3d22998": "Layer already exists"}, "layers": {"df1b98141b48": {"status": "Pushed", "progressDetail": {}, "id": "df1b98141b48"}, "b6fa9c97d307": {"status": "Pushed", "progressDetail": {}, "id": "b6fa9c97d307"}, "6b7ef3f970c5": {"status": "Pushing", "progressDetail": {"current": 80142336, "total": 307918124}, "progress": "[=============>                                     ]  80.14MB/307.9MB", "id": "6b7ef3f970c5"}, "08acf365b0da": {"status": "Pushed", "progressDetail": {}, "id": "08acf365b0da"}, "129859bc5929": {"status": "Pushed", "progressDetail": {}, "id": "129859bc5929"}, "aca5aa2a6c1d": {"status": "Layer already exists", "progressDetail": {}, "id": "aca5aa2a6c1d"}, "65ced049743d": {"status": "Layer already exists", "progressDetail": {}, "id": "65ced049743d"}, "be8c62a7299c": {"status": "Layer already exists", "progressDetail": {}, "id": "be8c62a7299c"}, "618461753f88": {"status": "Layer already exists", "progressDetail": {}, "id": "618461753f88"}, "cac3477861c8": {"status": "Layer already exists", "progressDetail": {}, "id": "cac3477861c8"}, "f9dc48c06989": {"status": "Layer already exists", "progressDetail": {}, "id": "f9dc48c06989"}, "9089f50cee6d": {"status": "Layer already exists", "progressDetail": {}, "id": "9089f50cee6d"}, "ae5ef92c141a": {"status": "Layer already exists", "progressDetail": {}, "id": "ae5ef92c141a"}, "0bf1d9f832ae": {"status": "Layer already exists", "progressDetail": {}, "id": "0bf1d9f832ae"}, "22ba3be55260": {"status": "Layer already exists", "progressDetail": {}, "id": "22ba3be55260"}, "eda42482c7f2": {"status": "Layer already exists", "progressDetail": {}, "id": "eda42482c7f2"}, "125370a746a2": {"status": "Layer already exists", "progressDetail": {}, "id": "125370a746a2"}, "552909685bc3": {"status": "Layer already exists", "progressDetail": {}, "id": "552909685bc3"}, "d9e8cdd31231": {"status": "Layer already exists", "progressDetail": {}, "id": "d9e8cdd31231"}, "ec0cf3f5d041": {"status": "Layer already exists", "progressDetail": {}, "id": "ec0cf3f5d041"}, "247e446cfbed": {"status": "Layer already exists", "progressDetail": {}, "id": "247e446cfbed"}, "45bbe3d22998": {"status": "Layer already exists", "progressDetail": {}, "id": "45bbe3d22998"}}, "phase": "pushing"}
[2023-02-27 13:59:30]    :keepalive
[2023-02-27 13:59:32]    data: {"message": "Pushing image\n", "progress": {"df1b98141b48": "Pushed", "b6fa9c97d307": "Pushed", "6b7ef3f970c5": {"current": 111894528, "total": 307918124}, "08acf365b0da": "Pushed", "129859bc5929": "Pushed", "aca5aa2a6c1d": "Layer already exists", "65ced049743d": "Layer already exists", "be8c62a7299c": "Layer already exists", "618461753f88": "Layer already exists", "cac3477861c8": "Layer already exists", "f9dc48c06989": "Layer already exists", "9089f50cee6d": "Layer already exists", "ae5ef92c141a": "Layer already exists", "0bf1d9f832ae": "Layer already exists", "22ba3be55260": "Layer already exists", "eda42482c7f2": "Layer already exists", "125370a746a2": "Layer already exists", "552909685bc3": "Layer already exists", "d9e8cdd31231": "Layer already exists", "ec0cf3f5d041": "Layer already exists", "247e446cfbed": "Layer already exists", "45bbe3d22998": "Layer already exists"}, "layers": {"df1b98141b48": {"status": "Pushed", "progressDetail": {}, "id": "df1b98141b48"}, "b6fa9c97d307": {"status": "Pushed", "progressDetail": {}, "id": "b6fa9c97d307"}, "6b7ef3f970c5": {"status": "Pushing", "progressDetail": {"current": 111894528, "total": 307918124}, "progress": "[==================>                                ]  111.9MB/307.9MB", "id": "6b7ef3f970c5"}, "08acf365b0da": {"status": "Pushed", "progressDetail": {}, "id": "08acf365b0da"}, "129859bc5929": {"status": "Pushed", "progressDetail": {}, "id": "129859bc5929"}, "aca5aa2a6c1d": {"status": "Layer already exists", "progressDetail": {}, "id": "aca5aa2a6c1d"}, "65ced049743d": {"status": "Layer already exists", "progressDetail": {}, "id": "65ced049743d"}, "be8c62a7299c": {"status": "Layer already exists", "progressDetail": {}, "id": "be8c62a7299c"}, "618461753f88": {"status": "Layer already exists", "progressDetail": {}, "id": "618461753f88"}, "cac3477861c8": {"status": "Layer already exists", "progressDetail": {}, "id": "cac3477861c8"}, "f9dc48c06989": {"status": "Layer already exists", "progressDetail": {}, "id": "f9dc48c06989"}, "9089f50cee6d": {"status": "Layer already exists", "progressDetail": {}, "id": "9089f50cee6d"}, "ae5ef92c141a": {"status": "Layer already exists", "progressDetail": {}, "id": "ae5ef92c141a"}, "0bf1d9f832ae": {"status": "Layer already exists", "progressDetail": {}, "id": "0bf1d9f832ae"}, "22ba3be55260": {"status": "Layer already exists", "progressDetail": {}, "id": "22ba3be55260"}, "eda42482c7f2": {"status": "Layer already exists", "progressDetail": {}, "id": "eda42482c7f2"}, "125370a746a2": {"status": "Layer already exists", "progressDetail": {}, "id": "125370a746a2"}, "552909685bc3": {"status": "Layer already exists", "progressDetail": {}, "id": "552909685bc3"}, "d9e8cdd31231": {"status": "Layer already exists", "progressDetail": {}, "id": "d9e8cdd31231"}, "ec0cf3f5d041": {"status": "Layer already exists", "progressDetail": {}, "id": "ec0cf3f5d041"}, "247e446cfbed": {"status": "Layer already exists", "progressDetail": {}, "id": "247e446cfbed"}, "45bbe3d22998": {"status": "Layer already exists", "progressDetail": {}, "id": "45bbe3d22998"}}, "phase": "pushing"}
[2023-02-27 13:59:32]    data: {"message": "Pushing image\n", "progress": {"df1b98141b48": "Pushed", "b6fa9c97d307": "Pushed", "6b7ef3f970c5": {"current": 140861440, "total": 307918124}, "08acf365b0da": "Pushed", "129859bc5929": "Pushed", "aca5aa2a6c1d": "Layer already exists", "65ced049743d": "Layer already exists", "be8c62a7299c": "Layer already exists", "618461753f88": "Layer already exists", "cac3477861c8": "Layer already exists", "f9dc48c06989": "Layer already exists", "9089f50cee6d": "Layer already exists", "ae5ef92c141a": "Layer already exists", "0bf1d9f832ae": "Layer already exists", "22ba3be55260": "Layer already exists", "eda42482c7f2": "Layer already exists", "125370a746a2": "Layer already exists", "552909685bc3": "Layer already exists", "d9e8cdd31231": "Layer already exists", "ec0cf3f5d041": "Layer already exists", "247e446cfbed": "Layer already exists", "45bbe3d22998": "Layer already exists"}, "layers": {"df1b98141b48": {"status": "Pushed", "progressDetail": {}, "id": "df1b98141b48"}, "b6fa9c97d307": {"status": "Pushed", "progressDetail": {}, "id": "b6fa9c97d307"}, "6b7ef3f970c5": {"status": "Pushing", "progressDetail": {"current": 140861440, "total": 307918124}, "progress": "[======================>                            ]  140.9MB/307.9MB", "id": "6b7ef3f970c5"}, "08acf365b0da": {"status": "Pushed", "progressDetail": {}, "id": "08acf365b0da"}, "129859bc5929": {"status": "Pushed", "progressDetail": {}, "id": "129859bc5929"}, "aca5aa2a6c1d": {"status": "Layer already exists", "progressDetail": {}, "id": "aca5aa2a6c1d"}, "65ced049743d": {"status": "Layer already exists", "progressDetail": {}, "id": "65ced049743d"}, "be8c62a7299c": {"status": "Layer already exists", "progressDetail": {}, "id": "be8c62a7299c"}, "618461753f88": {"status": "Layer already exists", "progressDetail": {}, "id": "618461753f88"}, "cac3477861c8": {"status": "Layer already exists", "progressDetail": {}, "id": "cac3477861c8"}, "f9dc48c06989": {"status": "Layer already exists", "progressDetail": {}, "id": "f9dc48c06989"}, "9089f50cee6d": {"status": "Layer already exists", "progressDetail": {}, "id": "9089f50cee6d"}, "ae5ef92c141a": {"status": "Layer already exists", "progressDetail": {}, "id": "ae5ef92c141a"}, "0bf1d9f832ae": {"status": "Layer already exists", "progressDetail": {}, "id": "0bf1d9f832ae"}, "22ba3be55260": {"status": "Layer already exists", "progressDetail": {}, "id": "22ba3be55260"}, "eda42482c7f2": {"status": "Layer already exists", "progressDetail": {}, "id": "eda42482c7f2"}, "125370a746a2": {"status": "Layer already exists", "progressDetail": {}, "id": "125370a746a2"}, "552909685bc3": {"status": "Layer already exists", "progressDetail": {}, "id": "552909685bc3"}, "d9e8cdd31231": {"status": "Layer already exists", "progressDetail": {}, "id": "d9e8cdd31231"}, "ec0cf3f5d041": {"status": "Layer already exists", "progressDetail": {}, "id": "ec0cf3f5d041"}, "247e446cfbed": {"status": "Layer already exists", "progressDetail": {}, "id": "247e446cfbed"}, "45bbe3d22998": {"status": "Layer already exists", "progressDetail": {}, "id": "45bbe3d22998"}}, "phase": "pushing"}
[2023-02-27 13:59:35]    data: {"message": "Pushing image\n", "progress": {"df1b98141b48": "Pushed", "b6fa9c97d307": "Pushed", "6b7ef3f970c5": {"current": 169828352, "total": 307918124}, "08acf365b0da": "Pushed", "129859bc5929": "Pushed", "aca5aa2a6c1d": "Layer already exists", "65ced049743d": "Layer already exists", "be8c62a7299c": "Layer already exists", "618461753f88": "Layer already exists", "cac3477861c8": "Layer already exists", "f9dc48c06989": "Layer already exists", "9089f50cee6d": "Layer already exists", "ae5ef92c141a": "Layer already exists", "0bf1d9f832ae": "Layer already exists", "22ba3be55260": "Layer already exists", "eda42482c7f2": "Layer already exists", "125370a746a2": "Layer already exists", "552909685bc3": "Layer already exists", "d9e8cdd31231": "Layer already exists", "ec0cf3f5d041": "Layer already exists", "247e446cfbed": "Layer already exists", "45bbe3d22998": "Layer already exists"}, "layers": {"df1b98141b48": {"status": "Pushed", "progressDetail": {}, "id": "df1b98141b48"}, "b6fa9c97d307": {"status": "Pushed", "progressDetail": {}, "id": "b6fa9c97d307"}, "6b7ef3f970c5": {"status": "Pushing", "progressDetail": {"current": 169828352, "total": 307918124}, "progress": "[===========================>                       ]  169.8MB/307.9MB", "id": "6b7ef3f970c5"}, "08acf365b0da": {"status": "Pushed", "progressDetail": {}, "id": "08acf365b0da"}, "129859bc5929": {"status": "Pushed", "progressDetail": {}, "id": "129859bc5929"}, "aca5aa2a6c1d": {"status": "Layer already exists", "progressDetail": {}, "id": "aca5aa2a6c1d"}, "65ced049743d": {"status": "Layer already exists", "progressDetail": {}, "id": "65ced049743d"}, "be8c62a7299c": {"status": "Layer already exists", "progressDetail": {}, "id": "be8c62a7299c"}, "618461753f88": {"status": "Layer already exists", "progressDetail": {}, "id": "618461753f88"}, "cac3477861c8": {"status": "Layer already exists", "progressDetail": {}, "id": "cac3477861c8"}, "f9dc48c06989": {"status": "Layer already exists", "progressDetail": {}, "id": "f9dc48c06989"}, "9089f50cee6d": {"status": "Layer already exists", "progressDetail": {}, "id": "9089f50cee6d"}, "ae5ef92c141a": {"status": "Layer already exists", "progressDetail": {}, "id": "ae5ef92c141a"}, "0bf1d9f832ae": {"status": "Layer already exists", "progressDetail": {}, "id": "0bf1d9f832ae"}, "22ba3be55260": {"status": "Layer already exists", "progressDetail": {}, "id": "22ba3be55260"}, "eda42482c7f2": {"status": "Layer already exists", "progressDetail": {}, "id": "eda42482c7f2"}, "125370a746a2": {"status": "Layer already exists", "progressDetail": {}, "id": "125370a746a2"}, "552909685bc3": {"status": "Layer already exists", "progressDetail": {}, "id": "552909685bc3"}, "d9e8cdd31231": {"status": "Layer already exists", "progressDetail": {}, "id": "d9e8cdd31231"}, "ec0cf3f5d041": {"status": "Layer already exists", "progressDetail": {}, "id": "ec0cf3f5d041"}, "247e446cfbed": {"status": "Layer already exists", "progressDetail": {}, "id": "247e446cfbed"}, "45bbe3d22998": {"status": "Layer already exists", "progressDetail": {}, "id": "45bbe3d22998"}}, "phase": "pushing"}
[2023-02-27 13:59:36]    data: {"message": "Pushing image\n", "progress": {"df1b98141b48": "Pushed", "b6fa9c97d307": "Pushed", "6b7ef3f970c5": {"current": 198238208, "total": 307918124}, "08acf365b0da": "Pushed", "129859bc5929": "Pushed", "aca5aa2a6c1d": "Layer already exists", "65ced049743d": "Layer already exists", "be8c62a7299c": "Layer already exists", "618461753f88": "Layer already exists", "cac3477861c8": "Layer already exists", "f9dc48c06989": "Layer already exists", "9089f50cee6d": "Layer already exists", "ae5ef92c141a": "Layer already exists", "0bf1d9f832ae": "Layer already exists", "22ba3be55260": "Layer already exists", "eda42482c7f2": "Layer already exists", "125370a746a2": "Layer already exists", "552909685bc3": "Layer already exists", "d9e8cdd31231": "Layer already exists", "ec0cf3f5d041": "Layer already exists", "247e446cfbed": "Layer already exists", "45bbe3d22998": "Layer already exists"}, "layers": {"df1b98141b48": {"status": "Pushed", "progressDetail": {}, "id": "df1b98141b48"}, "b6fa9c97d307": {"status": "Pushed", "progressDetail": {}, "id": "b6fa9c97d307"}, "6b7ef3f970c5": {"status": "Pushing", "progressDetail": {"current": 198238208, "total": 307918124}, "progress": "[================================>                  ]  198.2MB/307.9MB", "id": "6b7ef3f970c5"}, "08acf365b0da": {"status": "Pushed", "progressDetail": {}, "id": "08acf365b0da"}, "129859bc5929": {"status": "Pushed", "progressDetail": {}, "id": "129859bc5929"}, "aca5aa2a6c1d": {"status": "Layer already exists", "progressDetail": {}, "id": "aca5aa2a6c1d"}, "65ced049743d": {"status": "Layer already exists", "progressDetail": {}, "id": "65ced049743d"}, "be8c62a7299c": {"status": "Layer already exists", "progressDetail": {}, "id": "be8c62a7299c"}, "618461753f88": {"status": "Layer already exists", "progressDetail": {}, "id": "618461753f88"}, "cac3477861c8": {"status": "Layer already exists", "progressDetail": {}, "id": "cac3477861c8"}, "f9dc48c06989": {"status": "Layer already exists", "progressDetail": {}, "id": "f9dc48c06989"}, "9089f50cee6d": {"status": "Layer already exists", "progressDetail": {}, "id": "9089f50cee6d"}, "ae5ef92c141a": {"status": "Layer already exists", "progressDetail": {}, "id": "ae5ef92c141a"}, "0bf1d9f832ae": {"status": "Layer already exists", "progressDetail": {}, "id": "0bf1d9f832ae"}, "22ba3be55260": {"status": "Layer already exists", "progressDetail": {}, "id": "22ba3be55260"}, "eda42482c7f2": {"status": "Layer already exists", "progressDetail": {}, "id": "eda42482c7f2"}, "125370a746a2": {"status": "Layer already exists", "progressDetail": {}, "id": "125370a746a2"}, "552909685bc3": {"status": "Layer already exists", "progressDetail": {}, "id": "552909685bc3"}, "d9e8cdd31231": {"status": "Layer already exists", "progressDetail": {}, "id": "d9e8cdd31231"}, "ec0cf3f5d041": {"status": "Layer already exists", "progressDetail": {}, "id": "ec0cf3f5d041"}, "247e446cfbed": {"status": "Layer already exists", "progressDetail": {}, "id": "247e446cfbed"}, "45bbe3d22998": {"status": "Layer already exists", "progressDetail": {}, "id": "45bbe3d22998"}}, "phase": "pushing"}
[2023-02-27 13:59:38]    data: {"message": "Pushing image\n", "progress": {"df1b98141b48": "Pushed", "b6fa9c97d307": "Pushed", "6b7ef3f970c5": {"current": 228319232, "total": 307918124}, "08acf365b0da": "Pushed", "129859bc5929": "Pushed", "aca5aa2a6c1d": "Layer already exists", "65ced049743d": "Layer already exists", "be8c62a7299c": "Layer already exists", "618461753f88": "Layer already exists", "cac3477861c8": "Layer already exists", "f9dc48c06989": "Layer already exists", "9089f50cee6d": "Layer already exists", "ae5ef92c141a": "Layer already exists", "0bf1d9f832ae": "Layer already exists", "22ba3be55260": "Layer already exists", "eda42482c7f2": "Layer already exists", "125370a746a2": "Layer already exists", "552909685bc3": "Layer already exists", "d9e8cdd31231": "Layer already exists", "ec0cf3f5d041": "Layer already exists", "247e446cfbed": "Layer already exists", "45bbe3d22998": "Layer already exists"}, "layers": {"df1b98141b48": {"status": "Pushed", "progressDetail": {}, "id": "df1b98141b48"}, "b6fa9c97d307": {"status": "Pushed", "progressDetail": {}, "id": "b6fa9c97d307"}, "6b7ef3f970c5": {"status": "Pushing", "progressDetail": {"current": 228319232, "total": 307918124}, "progress": "[=====================================>             ]  228.3MB/307.9MB", "id": "6b7ef3f970c5"}, "08acf365b0da": {"status": "Pushed", "progressDetail": {}, "id": "08acf365b0da"}, "129859bc5929": {"status": "Pushed", "progressDetail": {}, "id": "129859bc5929"}, "aca5aa2a6c1d": {"status": "Layer already exists", "progressDetail": {}, "id": "aca5aa2a6c1d"}, "65ced049743d": {"status": "Layer already exists", "progressDetail": {}, "id": "65ced049743d"}, "be8c62a7299c": {"status": "Layer already exists", "progressDetail": {}, "id": "be8c62a7299c"}, "618461753f88": {"status": "Layer already exists", "progressDetail": {}, "id": "618461753f88"}, "cac3477861c8": {"status": "Layer already exists", "progressDetail": {}, "id": "cac3477861c8"}, "f9dc48c06989": {"status": "Layer already exists", "progressDetail": {}, "id": "f9dc48c06989"}, "9089f50cee6d": {"status": "Layer already exists", "progressDetail": {}, "id": "9089f50cee6d"}, "ae5ef92c141a": {"status": "Layer already exists", "progressDetail": {}, "id": "ae5ef92c141a"}, "0bf1d9f832ae": {"status": "Layer already exists", "progressDetail": {}, "id": "0bf1d9f832ae"}, "22ba3be55260": {"status": "Layer already exists", "progressDetail": {}, "id": "22ba3be55260"}, "eda42482c7f2": {"status": "Layer already exists", "progressDetail": {}, "id": "eda42482c7f2"}, "125370a746a2": {"status": "Layer already exists", "progressDetail": {}, "id": "125370a746a2"}, "552909685bc3": {"status": "Layer already exists", "progressDetail": {}, "id": "552909685bc3"}, "d9e8cdd31231": {"status": "Layer already exists", "progressDetail": {}, "id": "d9e8cdd31231"}, "ec0cf3f5d041": {"status": "Layer already exists", "progressDetail": {}, "id": "ec0cf3f5d041"}, "247e446cfbed": {"status": "Layer already exists", "progressDetail": {}, "id": "247e446cfbed"}, "45bbe3d22998": {"status": "Layer already exists", "progressDetail": {}, "id": "45bbe3d22998"}}, "phase": "pushing"}
[2023-02-27 13:59:38]    data: {"message": "Pushing image\n", "progress": {"df1b98141b48": "Pushed", "b6fa9c97d307": "Pushed", "6b7ef3f970c5": {"current": 260071424, "total": 307918124}, "08acf365b0da": "Pushed", "129859bc5929": "Pushed", "aca5aa2a6c1d": "Layer already exists", "65ced049743d": "Layer already exists", "be8c62a7299c": "Layer already exists", "618461753f88": "Layer already exists", "cac3477861c8": "Layer already exists", "f9dc48c06989": "Layer already exists", "9089f50cee6d": "Layer already exists", "ae5ef92c141a": "Layer already exists", "0bf1d9f832ae": "Layer already exists", "22ba3be55260": "Layer already exists", "eda42482c7f2": "Layer already exists", "125370a746a2": "Layer already exists", "552909685bc3": "Layer already exists", "d9e8cdd31231": "Layer already exists", "ec0cf3f5d041": "Layer already exists", "247e446cfbed": "Layer already exists", "45bbe3d22998": "Layer already exists"}, "layers": {"df1b98141b48": {"status": "Pushed", "progressDetail": {}, "id": "df1b98141b48"}, "b6fa9c97d307": {"status": "Pushed", "progressDetail": {}, "id": "b6fa9c97d307"}, "6b7ef3f970c5": {"status": "Pushing", "progressDetail": {"current": 260071424, "total": 307918124}, "progress": "[==========================================>        ]  260.1MB/307.9MB", "id": "6b7ef3f970c5"}, "08acf365b0da": {"status": "Pushed", "progressDetail": {}, "id": "08acf365b0da"}, "129859bc5929": {"status": "Pushed", "progressDetail": {}, "id": "129859bc5929"}, "aca5aa2a6c1d": {"status": "Layer already exists", "progressDetail": {}, "id": "aca5aa2a6c1d"}, "65ced049743d": {"status": "Layer already exists", "progressDetail": {}, "id": "65ced049743d"}, "be8c62a7299c": {"status": "Layer already exists", "progressDetail": {}, "id": "be8c62a7299c"}, "618461753f88": {"status": "Layer already exists", "progressDetail": {}, "id": "618461753f88"}, "cac3477861c8": {"status": "Layer already exists", "progressDetail": {}, "id": "cac3477861c8"}, "f9dc48c06989": {"status": "Layer already exists", "progressDetail": {}, "id": "f9dc48c06989"}, "9089f50cee6d": {"status": "Layer already exists", "progressDetail": {}, "id": "9089f50cee6d"}, "ae5ef92c141a": {"status": "Layer already exists", "progressDetail": {}, "id": "ae5ef92c141a"}, "0bf1d9f832ae": {"status": "Layer already exists", "progressDetail": {}, "id": "0bf1d9f832ae"}, "22ba3be55260": {"status": "Layer already exists", "progressDetail": {}, "id": "22ba3be55260"}, "eda42482c7f2": {"status": "Layer already exists", "progressDetail": {}, "id": "eda42482c7f2"}, "125370a746a2": {"status": "Layer already exists", "progressDetail": {}, "id": "125370a746a2"}, "552909685bc3": {"status": "Layer already exists", "progressDetail": {}, "id": "552909685bc3"}, "d9e8cdd31231": {"status": "Layer already exists", "progressDetail": {}, "id": "d9e8cdd31231"}, "ec0cf3f5d041": {"status": "Layer already exists", "progressDetail": {}, "id": "ec0cf3f5d041"}, "247e446cfbed": {"status": "Layer already exists", "progressDetail": {}, "id": "247e446cfbed"}, "45bbe3d22998": {"status": "Layer already exists", "progressDetail": {}, "id": "45bbe3d22998"}}, "phase": "pushing"}
[2023-02-27 13:59:41]    data: {"message": "Pushing image\n", "progress": {"df1b98141b48": "Pushed", "b6fa9c97d307": "Pushed", "6b7ef3f970c5": {"current": 288971776, "total": 307918124}, "08acf365b0da": "Pushed", "129859bc5929": "Pushed", "aca5aa2a6c1d": "Layer already exists", "65ced049743d": "Layer already exists", "be8c62a7299c": "Layer already exists", "618461753f88": "Layer already exists", "cac3477861c8": "Layer already exists", "f9dc48c06989": "Layer already exists", "9089f50cee6d": "Layer already exists", "ae5ef92c141a": "Layer already exists", "0bf1d9f832ae": "Layer already exists", "22ba3be55260": "Layer already exists", "eda42482c7f2": "Layer already exists", "125370a746a2": "Layer already exists", "552909685bc3": "Layer already exists", "d9e8cdd31231": "Layer already exists", "ec0cf3f5d041": "Layer already exists", "247e446cfbed": "Layer already exists", "45bbe3d22998": "Layer already exists"}, "layers": {"df1b98141b48": {"status": "Pushed", "progressDetail": {}, "id": "df1b98141b48"}, "b6fa9c97d307": {"status": "Pushed", "progressDetail": {}, "id": "b6fa9c97d307"}, "6b7ef3f970c5": {"status": "Pushing", "progressDetail": {"current": 288971776, "total": 307918124}, "progress": "[==============================================>    ]    289MB/307.9MB", "id": "6b7ef3f970c5"}, "08acf365b0da": {"status": "Pushed", "progressDetail": {}, "id": "08acf365b0da"}, "129859bc5929": {"status": "Pushed", "progressDetail": {}, "id": "129859bc5929"}, "aca5aa2a6c1d": {"status": "Layer already exists", "progressDetail": {}, "id": "aca5aa2a6c1d"}, "65ced049743d": {"status": "Layer already exists", "progressDetail": {}, "id": "65ced049743d"}, "be8c62a7299c": {"status": "Layer already exists", "progressDetail": {}, "id": "be8c62a7299c"}, "618461753f88": {"status": "Layer already exists", "progressDetail": {}, "id": "618461753f88"}, "cac3477861c8": {"status": "Layer already exists", "progressDetail": {}, "id": "cac3477861c8"}, "f9dc48c06989": {"status": "Layer already exists", "progressDetail": {}, "id": "f9dc48c06989"}, "9089f50cee6d": {"status": "Layer already exists", "progressDetail": {}, "id": "9089f50cee6d"}, "ae5ef92c141a": {"status": "Layer already exists", "progressDetail": {}, "id": "ae5ef92c141a"}, "0bf1d9f832ae": {"status": "Layer already exists", "progressDetail": {}, "id": "0bf1d9f832ae"}, "22ba3be55260": {"status": "Layer already exists", "progressDetail": {}, "id": "22ba3be55260"}, "eda42482c7f2": {"status": "Layer already exists", "progressDetail": {}, "id": "eda42482c7f2"}, "125370a746a2": {"status": "Layer already exists", "progressDetail": {}, "id": "125370a746a2"}, "552909685bc3": {"status": "Layer already exists", "progressDetail": {}, "id": "552909685bc3"}, "d9e8cdd31231": {"status": "Layer already exists", "progressDetail": {}, "id": "d9e8cdd31231"}, "ec0cf3f5d041": {"status": "Layer already exists", "progressDetail": {}, "id": "ec0cf3f5d041"}, "247e446cfbed": {"status": "Layer already exists", "progressDetail": {}, "id": "247e446cfbed"}, "45bbe3d22998": {"status": "Layer already exists", "progressDetail": {}, "id": "45bbe3d22998"}}, "phase": "pushing"}
[2023-02-27 13:59:44]    data: {"message": "Successfully pushed gitlab.it.liu.se:5000/drs/binderhub/prod-https-3a-2f-2fgitlab-2eliu-2ese-2foskho10-2fete335-2dbinder-768a06:270a0e16ebe3c00439b72abac0f825ac3ae1809c", "phase": "pushing"}
[2023-02-27 13:59:44]    data: {"phase": "built", "message": "Built image, launching...\n", "imageName": "gitlab.it.liu.se:5000/drs/binderhub/prod-https-3a-2f-2fgitlab-2eliu-2ese-2foskho10-2fete335-2dbinder-768a06:270a0e16ebe3c00439b72abac0f825ac3ae1809c"}
[2023-02-27 13:59:45]    data: {"phase": "launching", "message": "Launching server...\n"}
[2023-02-27 13:59:45]    data: {"phase": "launching", "message": "Server requested\n"}
[2023-02-27 13:59:52]    data: {"phase": "launching", "message": "Server ready at /user/henbj71@liu.se/oskho10-ete335-binder-ftwdj941/\n"}
[2023-02-27 13:59:54]    data: {"phase": "ready", "message": "server running at https://hub.binder.edu.liu.se/user/henbj71@liu.se/oskho10-ete335-binder-ftwdj941\n", "image": "gitlab.it.liu.se:5000/drs/binderhub/prod-https-3a-2f-2fgitlab-2eliu-2ese-2foskho10-2fete335-2dbinder-768a06:270a0e16ebe3c00439b72abac0f825ac3ae1809c", "repo_url": "https://gitlab.liu.se/oskho10/ete335-binder", "token": "JtHFArsBRkuRzKqUww0H5w", "binder_ref_url": "https://gitlab.liu.se/oskho10/ete335-binder", "binder_launch_host": "https://binder.edu.liu.se/", "binder_request": "v2/git/https%3A%2F%2Fgitlab.liu.se%2Foskho10%2Fete335-binder/HEAD", "binder_persistent_request": "v2/git/https%3A%2F%2Fgitlab.liu.se%2Foskho10%2Fete335-binder/270a0e16ebe3c00439b72abac0f825ac3ae1809c", "url": "https://hub.binder.edu.liu.se/user/henbj71@liu.se/oskho10-ete335-binder-ftwdj941"}
[2023-02-27 13:59:54]    :keepalive
[2023-02-27 14:00:44]    :keepalive
[2023-02-27 14:00:44]    :keepalive
